[2022-11-20 14:38:38.740] [INFO] Test Explorer found
[2022-11-20 14:38:38.740] [INFO] Creating adapter for /home/maciej/ITBootcamp/GLA Nov/udemy-javascript
[2022-11-20 14:38:38.740] [INFO] Initializing Ruby adapter
[2022-11-20 14:38:38.740] [INFO] Registering adapter for /home/maciej/ITBootcamp/GLA Nov/udemy-javascript
[2022-11-20 14:38:38.741] [INFO] Loading Ruby tests...
[2022-11-20 14:38:38.741] [INFO] Loading Minitest tests...
[2022-11-20 14:38:38.742] [INFO] Getting a list of Minitest tests in suite with the following command: bundle exec rake -R $EXT_DIR vscode:minitest:list
[2022-11-20 14:38:38.760] [INFO] Initialization finished
[2022-11-20 14:38:39.436] [INFO] Test Explorer found
[2022-11-20 14:38:39.436] [INFO] Creating adapter for /home/maciej/ruby-teraz/knowledge
[2022-11-20 14:38:39.436] [INFO] Initializing Ruby adapter
[2022-11-20 14:38:39.436] [INFO] Registering adapter for /home/maciej/ruby-teraz/knowledge
[2022-11-20 14:38:39.437] [INFO] Loading Ruby tests...
[2022-11-20 14:38:39.437] [INFO] Loading Minitest tests...
[2022-11-20 14:38:39.437] [INFO] Getting a list of Minitest tests in suite with the following command: bundle exec rake -R $EXT_DIR vscode:minitest:list
[2022-11-20 14:38:39.454] [INFO] Initialization finished
[2022-11-20 14:38:40.266] [ERROR] Error while finding Minitest test suite: Command failed: bundle exec rake -R $EXT_DIR vscode:minitest:list
Could not locate Gemfile or .bundle/ directory

[2022-11-20 14:38:40.266] [ERROR] Output: 
[2022-11-20 14:38:47.903] [ERROR] Error while finding Minitest test suite: Command failed: bundle exec rake -R $EXT_DIR vscode:minitest:list
rake aborted!
Gem::LoadError: can't activate capybara (>= 3.26), already activated capybara-2.18.0. Make sure all dependencies are added to Gemfile.
/home/maciej/.rvm/gems/ruby-3.1.2/gems/bundler-2.3.26/lib/bundler/rubygems_integration.rb:280:in `block (2 levels) in replace_gem'
/home/maciej/.rvm/gems/ruby-3.1.2/gems/actionpack-6.1.7/lib/action_dispatch/system_test_case.rb:3:in `<main>'
/home/maciej/.rvm/gems/ruby-3.1.2/gems/bootsnap-1.14.0/lib/bootsnap/load_path_cache/core_ext/kernel_require.rb:32:in `require'
/home/maciej/.rvm/gems/ruby-3.1.2/gems/bootsnap-1.14.0/lib/bootsnap/load_path_cache/core_ext/kernel_require.rb:32:in `require'
/home/maciej/.rvm/gems/ruby-3.1.2/gems/zeitwerk-2.6.6/lib/zeitwerk/kernel.rb:38:in `require'
/home/maciej/ruby-teraz/knowledge/test/application_system_test_case.rb:3:in `<main>'
/home/maciej/.rvm/gems/ruby-3.1.2/gems/bootsnap-1.14.0/lib/bootsnap/load_path_cache/core_ext/kernel_require.rb:32:in `require'
/home/maciej/.rvm/gems/ruby-3.1.2/gems/bootsnap-1.14.0/lib/bootsnap/load_path_cache/core_ext/kernel_require.rb:32:in `require'
/home/maciej/.rvm/gems/ruby-3.1.2/gems/zeitwerk-2.6.6/lib/zeitwerk/kernel.rb:38:in `require'
/home/maciej/ruby-teraz/knowledge/test/system/channels_test.rb:1:in `<main>'
/home/maciej/.rvm/gems/ruby-3.1.2/gems/bootsnap-1.14.0/lib/bootsnap/load_path_cache/core_ext/kernel_require.rb:32:in `require'
/home/maciej/.rvm/gems/ruby-3.1.2/gems/bootsnap-1.14.0/lib/bootsnap/load_path_cache/core_ext/kernel_require.rb:32:in `require'
/home/maciej/.rvm/gems/ruby-3.1.2/gems/zeitwerk-2.6.6/lib/zeitwerk/kernel.rb:38:in `require'
/home/maciej/.vscode/extensions/connorshea.vscode-ruby-test-adapter-0.9.1/ruby/vscode/minitest/tests.rb:27:in `block in load_files'
/home/maciej/.vscode/extensions/connorshea.vscode-ruby-test-adapter-0.9.1/ruby/vscode/minitest/tests.rb:27:in `load_files'
/home/maciej/.vscode/extensions/connorshea.vscode-ruby-test-adapter-0.9.1/ruby/vscode/minitest/tests.rb:8:in `all'
/home/maciej/.vscode/extensions/connorshea.vscode-ruby-test-adapter-0.9.1/ruby/vscode/minitest.rb:25:in `list'
/home/maciej/.vscode/extensions/connorshea.vscode-ruby-test-adapter-0.9.1/ruby/vscode.rake:8:in `block (3 levels) in <main>'
/home/maciej/.rvm/gems/ruby-3.1.2/gems/bundler-2.3.26/lib/bundler/cli/exec.rb:58:in `load'
/home/maciej/.rvm/gems/ruby-3.1.2/gems/bundler-2.3.26/lib/bundler/cli/exec.rb:58:in `kernel_load'
/home/maciej/.rvm/gems/ruby-3.1.2/gems/bundler-2.3.26/lib/bundler/cli/exec.rb:23:in `run'
/home/maciej/.rvm/gems/ruby-3.1.2/gems/bundler-2.3.26/lib/bundler/cli.rb:486:in `exec'
/home/maciej/.rvm/gems/ruby-3.1.2/gems/bundler-2.3.26/lib/bundler/vendor/thor/lib/thor/command.rb:27:in `run'
/home/maciej/.rvm/gems/ruby-3.1.2/gems/bundler-2.3.26/lib/bundler/vendor/thor/lib/thor/invocation.rb:127:in `invoke_command'
/home/maciej/.rvm/gems/ruby-3.1.2/gems/bundler-2.3.26/lib/bundler/vendor/thor/lib/thor.rb:392:in `dispatch'
/home/maciej/.rvm/gems/ruby-3.1.2/gems/bundler-2.3.26/lib/bundler/cli.rb:31:in `dispatch'
/home/maciej/.rvm/gems/ruby-3.1.2/gems/bundler-2.3.26/lib/bundler/vendor/thor/lib/thor/base.rb:485:in `start'
/home/maciej/.rvm/gems/ruby-3.1.2/gems/bundler-2.3.26/lib/bundler/cli.rb:25:in `start'
/home/maciej/.rvm/gems/ruby-3.1.2/gems/bundler-2.3.26/exe/bundle:48:in `block in <top (required)>'
/home/maciej/.rvm/gems/ruby-3.1.2/gems/bundler-2.3.26/lib/bundler/friendly_errors.rb:120:in `with_friendly_errors'
/home/maciej/.rvm/gems/ruby-3.1.2/gems/bundler-2.3.26/exe/bundle:36:in `<top (required)>'
/home/maciej/.rvm/gems/ruby-3.1.2/bin/bundle:25:in `load'
/home/maciej/.rvm/gems/ruby-3.1.2/bin/bundle:25:in `<main>'
/home/maciej/.rvm/gems/ruby-3.1.2/bin/ruby_executable_hooks:22:in `eval'
/home/maciej/.rvm/gems/ruby-3.1.2/bin/ruby_executable_hooks:22:in `<main>'
Tasks: TOP => vscode:minitest:list
(See full trace by running task with --trace)

[2022-11-20 14:38:47.903] [ERROR] Output: 
[2022-11-20 14:39:37.347] [INFO] /home/maciej/ruby-teraz/knowledge/Capfile was saved - checking if this effects /home/maciej/ruby-teraz/knowledge
[2022-11-20 14:39:37.347] [INFO] Sending autorun event
[2022-11-20 14:39:37.376] [INFO] /home/maciej/ruby-teraz/knowledge/Capfile was saved - checking if this effects /home/maciej/ruby-teraz/knowledge
[2022-11-20 14:39:37.376] [INFO] Sending autorun event
[2022-11-20 14:39:42.273] [INFO] Configuration changed
